#
# There is insufficient memory for the Java Runtime Environment to continue.
# Native memory allocation (malloc) failed to allocate 1048576 bytes for AllocateHeap
# Possible reasons:
#   The system is out of physical RAM or swap space
#   In 32 bit mode, the process size limit was hit
# Possible solutions:
#   Reduce memory load on the system
#   Increase physical memory or swap space
#   Check if swap backing store is full
#   Use 64 bit Java on a 64 bit OS
#   Decrease Java heap size (-Xmx/-Xms)
#   Decrease number of Java threads
#   Decrease Java thread stack sizes (-Xss)
#   Set larger code cache with -XX:ReservedCodeCacheSize=
# This output file may be truncated or incomplete.
#
#  Out of Memory Error (memory/allocation.inline.hpp:61), pid=15784, tid=0x0000000000003288
#
# JRE version:  (8.0_181-b13) (build )
# Java VM: Java HotSpot(TM) 64-Bit Server VM (25.181-b13 mixed mode windows-amd64 compressed oops)
# Failed to write core dump. Minidumps are not enabled by default on client versions of Windows
#

---------------  T H R E A D  ---------------

Current thread (0x00000000028e2800):  JavaThread "Unknown thread" [_thread_in_vm, id=12936, stack(0x00000000027e0000,0x00000000028e0000)]

Stack: [0x00000000027e0000,0x00000000028e0000]
[error occurred during error reporting (printing stack bounds), id 0xc0000005]

Native frames: (J=compiled Java code, j=interpreted, Vv=VM code, C=native code)


---------------  P R O C E S S  ---------------

Java Threads: ( => current thread )

Other Threads:

=>0x00000000028e2800 (exited) JavaThread "Unknown thread" [_thread_in_vm, id=12936, stack(0x00000000027e0000,0x00000000028e0000)]

VM state:not at safepoint (normal execution)

VM Mutex/Monitor currently owned by a thread: None

Heap:
 PSYoungGen      total 38400K, used 665K [0x00000000d5b00000, 0x00000000d8580000, 0x0000000100000000)
  eden space 33280K, 2% used [0x00000000d5b00000,0x00000000d5ba6670,0x00000000d7b80000)
  from space 5120K, 0% used [0x00000000d8080000,0x00000000d8080000,0x00000000d8580000)
  to   space 5120K, 0% used [0x00000000d7b80000,0x00000000d7b80000,0x00000000d8080000)
 ParOldGen       total 87552K, used 0K [0x0000000081000000, 0x0000000086580000, 0x00000000d5b00000)
  object space 87552K, 0% used [0x0000000081000000,0x0000000081000000,0x0000000086580000)
 Metaspace       used 775K, capacity 4480K, committed 4480K, reserved 1056768K
  class space    used 76K, capacity 384K, committed 384K, reserved 1048576K

Card table byte_map: [0x0000000011da0000,0x00000000121a0000] byte_map_base: 0x0000000011998000

Marking Bits: (ParMarkBitMap*) 0x0000000068162d00
 Begin Bits: [0x0000000012c50000, 0x0000000014c10000)
 End Bits:   [0x0000000014c10000, 0x0000000016bd0000)

Polling page: 0x0000000000ec0000

CodeCache: size=245760Kb used=328Kb max_used=328Kb free=245431Kb
 bounds [0x00000000029e0000, 0x0000000002c50000, 0x00000000119e0000]
 total_blobs=58 nmethods=0 adapters=38
 compilation: enabled

Compilation events (0 events):
No events

GC Heap History (0 events):
No events

Deoptimization events (0 events):
No events

Classes redefined (0 events):
No events

Internal exceptions (0 events):
No events

Events (10 events):
Event: 0.051 loading class java/lang/Short
Event: 0.051 loading class java/lang/Short done
Event: 0.051 loading class java/lang/Integer
Event: 0.051 loading class java/lang/Integer done
Event: 0.051 loading class java/lang/Long
Event: 0.051 loading class java/lang/Long done
Event: 0.052 loading class java/lang/NullPointerException
Event: 0.053 loading class java/lang/NullPointerException done
Event: 0.053 loading class java/lang/ArithmeticException
Event: 0.053 loading class java/lang/ArithmeticException done


Dynamic libraries:
0x00007ff710250000 - 0x00007ff710287000 	C:\Program Files\Java\jdk1.8.0_181\bin\java.exe
0x00007ffbcf6b0000 - 0x00007ffbcf8a6000 	C:\WINDOWS\SYSTEM32\ntdll.dll
0x00007ffbcdf00000 - 0x00007ffbcdfbd000 	C:\WINDOWS\System32\KERNEL32.DLL
0x00007ffbcd1f0000 - 0x00007ffbcd4b9000 	C:\WINDOWS\System32\KERNELBASE.dll
0x00007ffbce200000 - 0x00007ffbce2ac000 	C:\WINDOWS\System32\ADVAPI32.dll
0x00007ffbce160000 - 0x00007ffbce1fe000 	C:\WINDOWS\System32\msvcrt.dll
0x00007ffbcdc10000 - 0x00007ffbcdcac000 	C:\WINDOWS\System32\sechost.dll
0x00007ffbcdcb0000 - 0x00007ffbcdddb000 	C:\WINDOWS\System32\RPCRT4.dll
0x00007ffbcdfc0000 - 0x00007ffbce160000 	C:\WINDOWS\System32\USER32.dll
0x00007ffbccef0000 - 0x00007ffbccf12000 	C:\WINDOWS\System32\win32u.dll
0x00007ffbcec30000 - 0x00007ffbcec5a000 	C:\WINDOWS\System32\GDI32.dll
0x00007ffbcd0e0000 - 0x00007ffbcd1eb000 	C:\WINDOWS\System32\gdi32full.dll
0x00007ffbcd620000 - 0x00007ffbcd6bd000 	C:\WINDOWS\System32\msvcp_win.dll
0x00007ffbccdf0000 - 0x00007ffbccef0000 	C:\WINDOWS\System32\ucrtbase.dll
0x00007ffbc13a0000 - 0x00007ffbc163b000 	C:\WINDOWS\WinSxS\amd64_microsoft.windows.common-controls_6595b64144ccf1df_6.0.19041.746_none_ca02b4b61b8320a4\COMCTL32.dll
0x00007ffbcd710000 - 0x00007ffbcd740000 	C:\WINDOWS\System32\IMM32.DLL
0x0000000067860000 - 0x0000000067932000 	C:\Program Files\Java\jdk1.8.0_181\jre\bin\msvcr100.dll
0x0000000067940000 - 0x00000000681e2000 	C:\Program Files\Java\jdk1.8.0_181\jre\bin\server\jvm.dll
0x00007ffbcf4f0000 - 0x00007ffbcf4f8000 	C:\WINDOWS\System32\PSAPI.DLL
0x00007ffbc2b20000 - 0x00007ffbc2b47000 	C:\WINDOWS\SYSTEM32\WINMM.dll
0x00007ffbc5030000 - 0x00007ffbc503a000 	C:\WINDOWS\SYSTEM32\VERSION.dll
0x00007ffbc8ae0000 - 0x00007ffbc8ae9000 	C:\WINDOWS\SYSTEM32\WSOCK32.dll
0x00007ffbceae0000 - 0x00007ffbceb4b000 	C:\WINDOWS\System32\WS2_32.dll
0x0000000067810000 - 0x000000006781f000 	C:\Program Files\Java\jdk1.8.0_181\jre\bin\verify.dll
0x00000000677e0000 - 0x0000000067809000 	C:\Program Files\Java\jdk1.8.0_181\jre\bin\java.dll
0x00000000677c0000 - 0x00000000677d6000 	C:\Program Files\Java\jdk1.8.0_181\jre\bin\zip.dll

VM Arguments:
jvm_args: -Dfile.encoding=UTF-8 
java_command: View.LoginForm
java_class_path (initial): D:\NetBean_Java\NetBeans 8.0.2\java\modules\ext\eclipselink\eclipselink.jar;D:\NetBean_Java\NetBeans 8.0.2\java\modules\ext\eclipselink\javax.persistence_2.1.0.v201304241213.jar;D:\NetBean_Java\NetBeans 8.0.2\java\modules\ext\eclipselink\org.eclipse.persistence.jpa.jpql_2.5.2.v20140319-9ad6abd.jar;D:\NetBean_Java\NetBeans 8.0.2\java\modules\ext\AbsoluteLayout.jar;D:\Desktop\sqljdbc42.jar;D:\Desktop\Java_BTL\BTL_Nhom7\build\classes
Launcher Type: SUN_STANDARD

Environment Variables:
JAVA_HOME=C:\Program Files (x86)\Java\jdk1.8.0_181
PATH=C:\Program Files (x86)\Common Files\Oracle\Java\javapath;C:\WINDOWS\system32;C:\WINDOWS;C:\WINDOWS\System32\Wbem;C:\WINDOWS\System32\WindowsPowerShell\v1.0\;C:\WINDOWS\System32\OpenSSH\;C:\Program Files\dotnet\;C:\Program Files (x86)\NVIDIA Corporation\PhysX\Common;C:\Users\BINHBILL\AppData\Local\Microsoft\WindowsApps;C:\Users\BINHBILL\AppData\Local\GitHubDesktop\bin;C:\adb;C:\WINDOWS\system32;C:\WINDOWS;C:\WINDOWS\System32\Wbem;C:\WINDOWS\System32\WindowsPowerShell\v1.0\;C:\WINDOWS\System32\OpenSSH\;C:\Program Files (x86)\Rational\common;C:\Program Files (x86)\GtkSharp\2.12\bin;C:\Program Files\Azure Data Studio\bin;C:\Program Files (x86)\Microsoft SQL Server\150\DTS\Binn\;C:\Program Files\Microsoft SQL Server\Client SDK\ODBC\170\Tools\Binn\;C:\Program Files (x86)\Microsoft SQL Server\150\Tools\Binn\;C:\Program Files\Microsoft SQL Server\150\Tools\Binn\;C:\Program Files\Microsoft SQL Server\150\DTS\Binn\;C:\Program Files\Microsoft SQL Server\130\Tools\Binn\;C:\Program Files\Git\cmd;C:\Program Files\Common Files\Autodesk Shared\;C:\Program Files\Microsoft SQL Server\120\Tools\Binn\;C:\Users\BINHBILL\AppData\Local\Microsoft\WindowsApps;C:\Users\BINHBILL\AppData\Local\GitHubDesktop\bin;C:\Users\BINHBILL\AppData\Local\Microsoft\WindowsApps;C:\Program Files\Azure Data Studio\bin;C:\Users\BINHBILL\.dotnet\tools
USERNAME=BINHBILL
OS=Windows_NT
PROCESSOR_IDENTIFIER=Intel64 Family 6 Model 58 Stepping 9, GenuineIntel



---------------  S Y S T E M  ---------------

OS: Windows 10.0 , 64 bit Build 19041 (10.0.19041.804)

CPU:total 8 (initial active 8) (4 cores per cpu, 2 threads per core) family 6 model 58 stepping 9, cmov, cx8, fxsr, mmx, sse, sse2, sse3, ssse3, sse4.1, sse4.2, popcnt, avx, aes, clmul, erms, ht, tsc, tscinvbit, tscinv

Memory: 4k page, physical 8320524k(1948548k free), swap 10368524k(5312k free)

vm_info: Java HotSpot(TM) 64-Bit Server VM (25.181-b13) for windows-amd64 JRE (1.8.0_181-b13), built on Jul  7 2018 04:01:33 by "java_re" with MS VC++ 10.0 (VS2010)

time: Mon Apr 19 10:01:20 2021
elapsed time: 0 seconds (0d 0h 0m 0s)

